<?xml version="1.0" encoding="UTF-8"?>
<testsuite xmlns:xsi="http://www.w3.org/2001/XMLSchema-instance" xsi:noNamespaceSchemaLocation="https://maven.apache.org/surefire/maven-failsafe-plugin/xsd/failsafe-test-report-3.0.xsd" version="3.0" name="airhacks.blogpad.posts.boundary.PostResourceIT" time="0.068" tests="2" errors="0" skipped="0" failures="0">
  <properties>
    <property name="sun.desktop" value="windows"/>
    <property name="awt.toolkit" value="sun.awt.windows.WToolkit"/>
    <property name="java.specification.version" value="11"/>
    <property name="sun.cpu.isalist" value="amd64"/>
    <property name="sun.jnu.encoding" value="Cp1252"/>
    <property name="java.class.path" value="D:\ab\blogpad\blogpad-st\target\test-classes;D:\ab\blogpad\blogpad-st\target\classes;C:\Users\jim\.m2\repository\org\apache\cxf\cxf-rt-rs-mp-client\3.3.6\cxf-rt-rs-mp-client-3.3.6.jar;C:\Users\jim\.m2\repository\org\apache\cxf\cxf-rt-transports-http\3.3.6\cxf-rt-transports-http-3.3.6.jar;C:\Users\jim\.m2\repository\org\apache\cxf\cxf-rt-rs-client\3.3.6\cxf-rt-rs-client-3.3.6.jar;C:\Users\jim\.m2\repository\org\apache\cxf\cxf-core\3.3.6\cxf-core-3.3.6.jar;C:\Users\jim\.m2\repository\org\glassfish\jaxb\jaxb-runtime\2.3.2\jaxb-runtime-2.3.2.jar;C:\Users\jim\.m2\repository\org\glassfish\jaxb\txw2\2.3.2\txw2-2.3.2.jar;C:\Users\jim\.m2\repository\com\sun\istack\istack-commons-runtime\3.0.8\istack-commons-runtime-3.0.8.jar;C:\Users\jim\.m2\repository\com\sun\xml\fastinfoset\FastInfoset\1.2.16\FastInfoset-1.2.16.jar;C:\Users\jim\.m2\repository\jakarta\activation\jakarta.activation-api\1.2.1\jakarta.activation-api-1.2.1.jar;C:\Users\jim\.m2\repository\com\fasterxml\woodstox\woodstox-core\5.0.3\woodstox-core-5.0.3.jar;C:\Users\jim\.m2\repository\org\codehaus\woodstox\stax2-api\3.1.4\stax2-api-3.1.4.jar;C:\Users\jim\.m2\repository\org\apache\ws\xmlschema\xmlschema-core\2.2.5\xmlschema-core-2.2.5.jar;C:\Users\jim\.m2\repository\jakarta\xml\bind\jakarta.xml.bind-api\2.3.2\jakarta.xml.bind-api-2.3.2.jar;C:\Users\jim\.m2\repository\org\apache\cxf\cxf-rt-frontend-jaxrs\3.3.6\cxf-rt-frontend-jaxrs-3.3.6.jar;C:\Users\jim\.m2\repository\jakarta\ws\rs\jakarta.ws.rs-api\2.1.5\jakarta.ws.rs-api-2.1.5.jar;C:\Users\jim\.m2\repository\org\apache\cxf\cxf-rt-security\3.3.6\cxf-rt-security-3.3.6.jar;C:\Users\jim\.m2\repository\org\eclipse\microprofile\rest\client\microprofile-rest-client-api\1.4.1\microprofile-rest-client-api-1.4.1.jar;C:\Users\jim\.m2\repository\javax\inject\javax.inject\1\javax.inject-1.jar;C:\Users\jim\.m2\repository\org\apache\cxf\cxf-rt-rs-extension-providers\3.3.6\cxf-rt-rs-extension-providers-3.3.6.jar;C:\Users\jim\.m2\repository\javax\json\javax.json-api\1.1.4\javax.json-api-1.1.4.jar;C:\Users\jim\.m2\repository\javax\annotation\javax.annotation-api\1.3.2\javax.annotation-api-1.3.2.jar;C:\Users\jim\.m2\repository\javax\xml\ws\jaxws-api\2.3.1\jaxws-api-2.3.1.jar;C:\Users\jim\.m2\repository\javax\xml\soap\javax.xml.soap-api\1.4.0\javax.xml.soap-api-1.4.0.jar;C:\Users\jim\.m2\repository\com\sun\activation\javax.activation\1.2.0\javax.activation-1.2.0.jar;C:\Users\jim\.m2\repository\org\apache\geronimo\specs\geronimo-ws-metadata_2.0_spec\1.1.3\geronimo-ws-metadata_2.0_spec-1.1.3.jar;C:\Users\jim\.m2\repository\com\sun\xml\messaging\saaj\saaj-impl\1.4.0-b03\saaj-impl-1.4.0-b03.jar;C:\Users\jim\.m2\repository\org\jvnet\mimepull\mimepull\1.9.7\mimepull-1.9.7.jar;C:\Users\jim\.m2\repository\org\jvnet\staxex\stax-ex\1.7.8\stax-ex-1.7.8.jar;C:\Users\jim\.m2\repository\javax\activation\activation\1.1\activation-1.1.jar;C:\Users\jim\.m2\repository\org\jacorb\jacorb-omgapi\3.9\jacorb-omgapi-3.9.jar;C:\Users\jim\.m2\repository\org\apache\geronimo\specs\geronimo-jta_1.1_spec\1.1.1\geronimo-jta_1.1_spec-1.1.1.jar;C:\Users\jim\.m2\repository\org\jboss\spec\javax\rmi\jboss-rmi-api_1.0_spec\1.0.6.Final\jboss-rmi-api_1.0_spec-1.0.6.Final.jar;C:\Users\jim\.m2\repository\org\junit\jupiter\junit-jupiter\5.6.2\junit-jupiter-5.6.2.jar;C:\Users\jim\.m2\repository\org\junit\jupiter\junit-jupiter-api\5.6.2\junit-jupiter-api-5.6.2.jar;C:\Users\jim\.m2\repository\org\apiguardian\apiguardian-api\1.1.0\apiguardian-api-1.1.0.jar;C:\Users\jim\.m2\repository\org\opentest4j\opentest4j\1.2.0\opentest4j-1.2.0.jar;C:\Users\jim\.m2\repository\org\junit\platform\junit-platform-commons\1.6.2\junit-platform-commons-1.6.2.jar;C:\Users\jim\.m2\repository\org\junit\jupiter\junit-jupiter-params\5.6.2\junit-jupiter-params-5.6.2.jar;C:\Users\jim\.m2\repository\org\junit\jupiter\junit-jupiter-engine\5.6.2\junit-jupiter-engine-5.6.2.jar;C:\Users\jim\.m2\repository\org\junit\platform\junit-platform-engine\1.6.2\junit-platform-engine-1.6.2.jar;C:\Users\jim\.m2\repository\org\glassfish\javax.json\1.1.4\javax.json-1.1.4.jar;"/>
    <property name="java.vm.vendor" value="Oracle Corporation"/>
    <property name="sun.arch.data.model" value="64"/>
    <property name="user.variant" value=""/>
    <property name="java.vendor.url" value="https://openjdk.java.net/"/>
    <property name="user.timezone" value="Europe/London"/>
    <property name="java.vm.specification.version" value="11"/>
    <property name="os.name" value="Windows 11"/>
    <property name="sun.java.launcher" value="SUN_STANDARD"/>
    <property name="user.country" value="GB"/>
    <property name="sun.boot.library.path" value="D:\java\jdk-11.0.17\bin"/>
    <property name="sun.java.command" value="C:\Users\jim\AppData\Local\Temp\surefire16119934102787083623\surefirebooter2738655077310954967.jar C:\Users\jim\AppData\Local\Temp\surefire16119934102787083623 2023-01-25T18-06-27_595-jvmRun1 surefire8301976053417555587tmp surefire_015442072560930253859tmp"/>
    <property name="jdk.debug" value="release"/>
    <property name="surefire.test.class.path" value="D:\ab\blogpad\blogpad-st\target\test-classes;D:\ab\blogpad\blogpad-st\target\classes;C:\Users\jim\.m2\repository\org\apache\cxf\cxf-rt-rs-mp-client\3.3.6\cxf-rt-rs-mp-client-3.3.6.jar;C:\Users\jim\.m2\repository\org\apache\cxf\cxf-rt-transports-http\3.3.6\cxf-rt-transports-http-3.3.6.jar;C:\Users\jim\.m2\repository\org\apache\cxf\cxf-rt-rs-client\3.3.6\cxf-rt-rs-client-3.3.6.jar;C:\Users\jim\.m2\repository\org\apache\cxf\cxf-core\3.3.6\cxf-core-3.3.6.jar;C:\Users\jim\.m2\repository\org\glassfish\jaxb\jaxb-runtime\2.3.2\jaxb-runtime-2.3.2.jar;C:\Users\jim\.m2\repository\org\glassfish\jaxb\txw2\2.3.2\txw2-2.3.2.jar;C:\Users\jim\.m2\repository\com\sun\istack\istack-commons-runtime\3.0.8\istack-commons-runtime-3.0.8.jar;C:\Users\jim\.m2\repository\com\sun\xml\fastinfoset\FastInfoset\1.2.16\FastInfoset-1.2.16.jar;C:\Users\jim\.m2\repository\jakarta\activation\jakarta.activation-api\1.2.1\jakarta.activation-api-1.2.1.jar;C:\Users\jim\.m2\repository\com\fasterxml\woodstox\woodstox-core\5.0.3\woodstox-core-5.0.3.jar;C:\Users\jim\.m2\repository\org\codehaus\woodstox\stax2-api\3.1.4\stax2-api-3.1.4.jar;C:\Users\jim\.m2\repository\org\apache\ws\xmlschema\xmlschema-core\2.2.5\xmlschema-core-2.2.5.jar;C:\Users\jim\.m2\repository\jakarta\xml\bind\jakarta.xml.bind-api\2.3.2\jakarta.xml.bind-api-2.3.2.jar;C:\Users\jim\.m2\repository\org\apache\cxf\cxf-rt-frontend-jaxrs\3.3.6\cxf-rt-frontend-jaxrs-3.3.6.jar;C:\Users\jim\.m2\repository\jakarta\ws\rs\jakarta.ws.rs-api\2.1.5\jakarta.ws.rs-api-2.1.5.jar;C:\Users\jim\.m2\repository\org\apache\cxf\cxf-rt-security\3.3.6\cxf-rt-security-3.3.6.jar;C:\Users\jim\.m2\repository\org\eclipse\microprofile\rest\client\microprofile-rest-client-api\1.4.1\microprofile-rest-client-api-1.4.1.jar;C:\Users\jim\.m2\repository\javax\inject\javax.inject\1\javax.inject-1.jar;C:\Users\jim\.m2\repository\org\apache\cxf\cxf-rt-rs-extension-providers\3.3.6\cxf-rt-rs-extension-providers-3.3.6.jar;C:\Users\jim\.m2\repository\javax\json\javax.json-api\1.1.4\javax.json-api-1.1.4.jar;C:\Users\jim\.m2\repository\javax\annotation\javax.annotation-api\1.3.2\javax.annotation-api-1.3.2.jar;C:\Users\jim\.m2\repository\javax\xml\ws\jaxws-api\2.3.1\jaxws-api-2.3.1.jar;C:\Users\jim\.m2\repository\javax\xml\soap\javax.xml.soap-api\1.4.0\javax.xml.soap-api-1.4.0.jar;C:\Users\jim\.m2\repository\com\sun\activation\javax.activation\1.2.0\javax.activation-1.2.0.jar;C:\Users\jim\.m2\repository\org\apache\geronimo\specs\geronimo-ws-metadata_2.0_spec\1.1.3\geronimo-ws-metadata_2.0_spec-1.1.3.jar;C:\Users\jim\.m2\repository\com\sun\xml\messaging\saaj\saaj-impl\1.4.0-b03\saaj-impl-1.4.0-b03.jar;C:\Users\jim\.m2\repository\org\jvnet\mimepull\mimepull\1.9.7\mimepull-1.9.7.jar;C:\Users\jim\.m2\repository\org\jvnet\staxex\stax-ex\1.7.8\stax-ex-1.7.8.jar;C:\Users\jim\.m2\repository\javax\activation\activation\1.1\activation-1.1.jar;C:\Users\jim\.m2\repository\org\jacorb\jacorb-omgapi\3.9\jacorb-omgapi-3.9.jar;C:\Users\jim\.m2\repository\org\apache\geronimo\specs\geronimo-jta_1.1_spec\1.1.1\geronimo-jta_1.1_spec-1.1.1.jar;C:\Users\jim\.m2\repository\org\jboss\spec\javax\rmi\jboss-rmi-api_1.0_spec\1.0.6.Final\jboss-rmi-api_1.0_spec-1.0.6.Final.jar;C:\Users\jim\.m2\repository\org\junit\jupiter\junit-jupiter\5.6.2\junit-jupiter-5.6.2.jar;C:\Users\jim\.m2\repository\org\junit\jupiter\junit-jupiter-api\5.6.2\junit-jupiter-api-5.6.2.jar;C:\Users\jim\.m2\repository\org\apiguardian\apiguardian-api\1.1.0\apiguardian-api-1.1.0.jar;C:\Users\jim\.m2\repository\org\opentest4j\opentest4j\1.2.0\opentest4j-1.2.0.jar;C:\Users\jim\.m2\repository\org\junit\platform\junit-platform-commons\1.6.2\junit-platform-commons-1.6.2.jar;C:\Users\jim\.m2\repository\org\junit\jupiter\junit-jupiter-params\5.6.2\junit-jupiter-params-5.6.2.jar;C:\Users\jim\.m2\repository\org\junit\jupiter\junit-jupiter-engine\5.6.2\junit-jupiter-engine-5.6.2.jar;C:\Users\jim\.m2\repository\org\junit\platform\junit-platform-engine\1.6.2\junit-platform-engine-1.6.2.jar;C:\Users\jim\.m2\repository\org\glassfish\javax.json\1.1.4\javax.json-1.1.4.jar;"/>
    <property name="sun.cpu.endian" value="little"/>
    <property name="user.home" value="C:\Users\jim"/>
    <property name="user.language" value="en"/>
    <property name="java.specification.vendor" value="Oracle Corporation"/>
    <property name="java.version.date" value="2022-10-18"/>
    <property name="java.home" value="D:\java\jdk-11.0.17"/>
    <property name="file.separator" value="\"/>
    <property name="basedir" value="D:\ab\blogpad\blogpad-st"/>
    <property name="java.vm.compressedOopsMode" value="32-bit"/>
    <property name="line.separator" value="&#10;"/>
    <property name="java.specification.name" value="Java Platform API Specification"/>
    <property name="java.vm.specification.vendor" value="Oracle Corporation"/>
    <property name="java.awt.graphicsenv" value="sun.awt.Win32GraphicsEnvironment"/>
    <property name="surefire.real.class.path" value="C:\Users\jim\AppData\Local\Temp\surefire16119934102787083623\surefirebooter2738655077310954967.jar"/>
    <property name="user.script" value=""/>
    <property name="sun.management.compiler" value="HotSpot 64-Bit Tiered Compilers"/>
    <property name="java.runtime.version" value="11.0.17+10-LTS-269"/>
    <property name="user.name" value="jim"/>
    <property name="path.separator" value=";"/>
    <property name="os.version" value="10.0"/>
    <property name="java.runtime.name" value="Java(TM) SE Runtime Environment"/>
    <property name="file.encoding" value="Cp1252"/>
    <property name="java.vm.name" value="Java HotSpot(TM) 64-Bit Server VM"/>
    <property name="java.vendor.version" value="18.9"/>
    <property name="localRepository" value="C:\Users\jim\.m2\repository"/>
    <property name="java.vendor.url.bug" value="https://bugreport.java.com/bugreport/"/>
    <property name="java.io.tmpdir" value="C:\Users\jim\AppData\Local\Temp\"/>
    <property name="java.version" value="11.0.17"/>
    <property name="user.dir" value="D:\ab\blogpad\blogpad-st"/>
    <property name="os.arch" value="amd64"/>
    <property name="java.vm.specification.name" value="Java Virtual Machine Specification"/>
    <property name="java.awt.printerjob" value="sun.awt.windows.WPrinterJob"/>
    <property name="sun.os.patch.level" value=""/>
    <property name="java.library.path" value="D:\java\jdk-11.0.17\bin;C:\WINDOWS\Sun\Java\bin;C:\WINDOWS\system32;C:\WINDOWS;C:\Users\jim\bin;C:\Program Files\Git\mingw64\bin;C:\Program Files\Git\usr\local\bin;C:\Program Files\Git\usr\bin;C:\Program Files\Git\usr\bin;C:\Program Files\Git\mingw64\bin;C:\Program Files\Git\usr\bin;C:\Users\jim\bin;D:\java\graalvm-ce-java11-22.3.0\bin;D:\java\graalvm-ce-java11-22.3.0\bin;D:\java\graalvm-ce-java11-22.3.0\bin;C:\WINDOWS\System32;C:\dev\apache-maven-3.8.4\bin;C:\dev\apache-maven-3.8.4\bin;C:\dev\apache-maven-3.8.4\bin;C:\Users\jim\.jbang\bin;C:\Users\jim\AppData\Local\Microsoft\WindowsApps;C:\Users\jim\AppData\Local\Programs\Microsoft VS Code\bin;C:\Users\jim\AppData\Roaming\npm;C:\Program Files\Git\usr\bin\vendor_perl;C:\Program Files\Git\usr\bin\core_perl;."/>
    <property name="java.vendor" value="Oracle Corporation"/>
    <property name="java.vm.info" value="mixed mode"/>
    <property name="java.vm.version" value="11.0.17+10-LTS-269"/>
    <property name="sun.io.unicode.encoding" value="UnicodeLittle"/>
    <property name="java.class.version" value="55.0"/>
  </properties>
  <testcase name="saveTitleWithInvalidFilename" classname="airhacks.blogpad.posts.boundary.PostResourceIT" time="0.031"/>
  <testcase name="createNew" classname="airhacks.blogpad.posts.boundary.PostResourceIT" time="0.035"/>
</testsuite>